Using pre-set license
Built from '2020.3/staging' branch; Version is '2020.3.10f1 (297d780c91bc) revision 2719096'; Using compiler version '192528614'; Build Type 'Release'
OS: 'Windows 10 Pro; OS build 19042.985; Version 2009; 64bit' Language: 'en' Physical Memory: 32688 MB
BatchMode: 1, IsHumanControllingUs: 0, StartBugReporterOnCrash: 0, Is64bit: 1, IsPro: 0

 COMMAND LINE ARGUMENTS:
C:\Program Files\Unity\Hub\Editor\2020.3.10f1\Editor\Unity.exe
-adb2
-batchMode
-noUpm
-name
AssetImportWorker0
-projectPath
D:/Workspace/GameDevProjects/GameDevSaar/SheepOut
-logFile
Logs/AssetImportWorker0.log
-srvPort
51438
Successfully changed project path to: D:/Workspace/GameDevProjects/GameDevSaar/SheepOut
D:/Workspace/GameDevProjects/GameDevSaar/SheepOut
Using Asset Import Pipeline V2.
Refreshing native plugins compatible for Editor in 40.68 ms, found 2 plugins.
Preloading 0 native plugins for Editor in 0.00 ms.
Initialize engine version: 2020.3.10f1 (297d780c91bc)
[Subsystems] Discovering subsystems at path C:/Program Files/Unity/Hub/Editor/2020.3.10f1/Editor/Data/Resources/UnitySubsystems
[Subsystems] Discovering subsystems at path D:/Workspace/GameDevProjects/GameDevSaar/SheepOut/Assets
GfxDevice: creating device client; threaded=0
Direct3D:
    Version:  Direct3D 11.0 [level 11.1]
    Renderer: NVIDIA GeForce GTX 1080 (ID=0x1b80)
    Vendor:   
    VRAM:     8079 MB
    Driver:   27.21.14.6079
Shader 'Universal Render Pipeline/Particles/Lit': fallback shader 'Universal Render Pipeline/Particles/SimpleLit' not found
Initialize mono
Mono path[0] = 'C:/Program Files/Unity/Hub/Editor/2020.3.10f1/Editor/Data/Managed'
Mono path[1] = 'C:/Program Files/Unity/Hub/Editor/2020.3.10f1/Editor/Data/MonoBleedingEdge/lib/mono/unityjit'
Mono config path = 'C:/Program Files/Unity/Hub/Editor/2020.3.10f1/Editor/Data/MonoBleedingEdge/etc'
Using monoOptions --debugger-agent=transport=dt_socket,embedding=1,server=y,suspend=n,address=127.0.0.1:56852
Begin MonoManager ReloadAssembly
Registering precompiled unity dll's ...
Register platform support module: C:/Program Files/Unity/Hub/Editor/2020.3.10f1/Editor/Data/PlaybackEngines/WebGLSupport/UnityEditor.WebGL.Extensions.dll
Register platform support module: C:/Program Files/Unity/Hub/Editor/2020.3.10f1/Editor/Data/PlaybackEngines/WindowsStandaloneSupport/UnityEditor.WindowsStandalone.Extensions.dll
Registered in 0.001913 seconds.
Native extension for WindowsStandalone target not found
Native extension for WebGL target not found
Refreshing native plugins compatible for Editor in 43.43 ms, found 2 plugins.
Preloading 0 native plugins for Editor in 0.00 ms.
Mono: successfully reloaded assembly
- Completed reload, in  0.939 seconds
Platform modules already initialized, skipping
Registering precompiled user dll's ...
Registered in 0.002207 seconds.
Begin MonoManager ReloadAssembly
Native extension for WindowsStandalone target not found
Native extension for WebGL target not found
Refreshing native plugins compatible for Editor in 42.87 ms, found 2 plugins.
Preloading 0 native plugins for Editor in 0.00 ms.
Mono: successfully reloaded assembly
- Completed reload, in  0.953 seconds
Platform modules already initialized, skipping
========================================================================
Worker process is ready to serve import requests
Shader 'Universal Render Pipeline/Particles/Lit': fallback shader 'Universal Render Pipeline/Particles/SimpleLit' not found
Launched and connected shader compiler UnityShaderCompiler.exe after 0.04 seconds
Refreshing native plugins compatible for Editor in 0.51 ms, found 2 plugins.
Preloading 0 native plugins for Editor in 0.00 ms.
Unloading 2787 Unused Serialized files (Serialized files now loaded: 0)
System memory in use before: 122.3 MB.
System memory in use after: 122.5 MB.

Unloading 21 unused Assets to reduce memory usage. Loaded Objects now: 3220.
Total: 2.357700 ms (FindLiveObjects: 0.299400 ms CreateObjectMapping: 0.077600 ms MarkObjects: 1.890700 ms  DeleteObjects: 0.089100 ms)

========================================================================
Received Import Request.
  path: Assets
  artifactKey: Guid(00000000000000001000000000000000) Importer(815301076,1909f56bfc062723c751e8b465ee728b)
Start importing Assets using Guid(00000000000000001000000000000000) Importer(815301076,1909f56bfc062723c751e8b465ee728b)  -> (artifact id: '42d402b061de3733987d63b9cc3b64de') in 0.007744 seconds
  Import took 0.011415 seconds .

========================================================================
Received Import Request.
  Time since last request: 8.635856 seconds.
  path: Assets/UniversalRenderPipelineAsset.asset
  artifactKey: Guid(9cdfd76295049364cbd39cb6635cf5a9) Importer(815301076,1909f56bfc062723c751e8b465ee728b)
Start importing Assets/UniversalRenderPipelineAsset.asset using Guid(9cdfd76295049364cbd39cb6635cf5a9) Importer(815301076,1909f56bfc062723c751e8b465ee728b)  -> (artifact id: '86c3bec47ed784e6722648e65e47bfb8') in 0.058831 seconds
  Import took 0.063281 seconds .

========================================================================
Received Import Request.
  Time since last request: 0.000185 seconds.
  path: Assets/UniversalRenderPipelineAsset_Renderer.asset
  artifactKey: Guid(499726d7d9d317648a3298085d2d743d) Importer(815301076,1909f56bfc062723c751e8b465ee728b)
Start importing Assets/UniversalRenderPipelineAsset_Renderer.asset using Guid(499726d7d9d317648a3298085d2d743d) Importer(815301076,1909f56bfc062723c751e8b465ee728b)  -> (artifact id: 'e01cf121417f406f861ca87ad5c97ca2') in 0.023727 seconds
  Import took 0.027799 seconds .

========================================================================
Received Prepare
Shader 'Universal Render Pipeline/Particles/Lit': fallback shader 'Universal Render Pipeline/Particles/SimpleLit' not found
Refreshing native plugins compatible for Editor in 2.11 ms, found 2 plugins.
Preloading 0 native plugins for Editor in 0.00 ms.
Unloading 61 Unused Serialized files (Serialized files now loaded: 0)
System memory in use before: 67.5 MB.
System memory in use after: 67.7 MB.

Unloading 13 unused Assets to reduce memory usage. Loaded Objects now: 3268.
Total: 2.836200 ms (FindLiveObjects: 0.268000 ms CreateObjectMapping: 0.073200 ms MarkObjects: 2.430100 ms  DeleteObjects: 0.063900 ms)

========================================================================
Received Import Request.
  Time since last request: 5.446327 seconds.
  path: Assets/UniversalRenderPipelineAsset_Renderer.asset
  artifactKey: Guid(499726d7d9d317648a3298085d2d743d) Importer(815301076,1909f56bfc062723c751e8b465ee728b)
Start importing Assets/UniversalRenderPipelineAsset_Renderer.asset using Guid(499726d7d9d317648a3298085d2d743d) Importer(815301076,1909f56bfc062723c751e8b465ee728b)  -> (artifact id: '7d08b08a02a85640dc02604833f6c13c') in 0.005637 seconds
  Import took 0.009559 seconds .

========================================================================
Received Import Request.
  Time since last request: 0.000162 seconds.
  path: Assets/UniversalRenderPipelineAsset.asset
  artifactKey: Guid(9cdfd76295049364cbd39cb6635cf5a9) Importer(815301076,1909f56bfc062723c751e8b465ee728b)
Start importing Assets/UniversalRenderPipelineAsset.asset using Guid(9cdfd76295049364cbd39cb6635cf5a9) Importer(815301076,1909f56bfc062723c751e8b465ee728b)  -> (artifact id: 'b25b5c90196ae9a2ee4ec878a987cd31') in 0.002303 seconds
  Import took 0.005852 seconds .

========================================================================
Received Prepare
Registering precompiled user dll's ...
Registered in 0.002254 seconds.
Begin MonoManager ReloadAssembly
Native extension for WindowsStandalone target not found
Native extension for WebGL target not found
Refreshing native plugins compatible for Editor in 0.71 ms, found 2 plugins.
Preloading 0 native plugins for Editor in 0.00 ms.
Mono: successfully reloaded assembly
- Completed reload, in  0.856 seconds
Platform modules already initialized, skipping
Shader 'Universal Render Pipeline/Particles/Lit': fallback shader 'Universal Render Pipeline/Particles/SimpleLit' not found
Refreshing native plugins compatible for Editor in 0.53 ms, found 2 plugins.
Preloading 0 native plugins for Editor in 0.00 ms.
Unloading 2727 Unused Serialized files (Serialized files now loaded: 0)
System memory in use before: 119.9 MB.
System memory in use after: 120.1 MB.

Unloading 16 unused Assets to reduce memory usage. Loaded Objects now: 3273.
Total: 2.346000 ms (FindLiveObjects: 0.266500 ms CreateObjectMapping: 0.084400 ms MarkObjects: 1.922800 ms  DeleteObjects: 0.071300 ms)

========================================================================
Received Prepare
Registering precompiled user dll's ...
Registered in 0.002273 seconds.
Begin MonoManager ReloadAssembly
Native extension for WindowsStandalone target not found
Native extension for WebGL target not found
Refreshing native plugins compatible for Editor in 0.53 ms, found 2 plugins.
Preloading 0 native plugins for Editor in 0.00 ms.
Mono: successfully reloaded assembly
- Completed reload, in  0.842 seconds
Platform modules already initialized, skipping
Shader 'Universal Render Pipeline/Particles/Lit': fallback shader 'Universal Render Pipeline/Particles/SimpleLit' not found
Refreshing native plugins compatible for Editor in 0.55 ms, found 2 plugins.
Preloading 0 native plugins for Editor in 0.00 ms.
Unloading 2725 Unused Serialized files (Serialized files now loaded: 0)
System memory in use before: 119.9 MB.
System memory in use after: 120.1 MB.

Unloading 16 unused Assets to reduce memory usage. Loaded Objects now: 3276.
Total: 2.307400 ms (FindLiveObjects: 0.260100 ms CreateObjectMapping: 0.084700 ms MarkObjects: 1.895600 ms  DeleteObjects: 0.065900 ms)

========================================================================
Received Import Request.
  Time since last request: 1034.253267 seconds.
  path: ProjectSettings/TagManager.asset
  artifactKey: Guid(00000000000000003000000000000000) Importer(815301076,1909f56bfc062723c751e8b465ee728b)
Start importing ProjectSettings/TagManager.asset using Guid(00000000000000003000000000000000) Importer(815301076,1909f56bfc062723c751e8b465ee728b)  -> (artifact id: 'ea18afaadf53d3f81e7b5ef84913747f') in 0.020210 seconds
  Import took 0.024396 seconds .

========================================================================
Received Import Request.
  Time since last request: 80.593768 seconds.
  path: Assets/Graphics
  artifactKey: Guid(4a1e59620dd9ae840a6504085fe9bd37) Importer(815301076,1909f56bfc062723c751e8b465ee728b)
Start importing Assets/Graphics using Guid(4a1e59620dd9ae840a6504085fe9bd37) Importer(815301076,1909f56bfc062723c751e8b465ee728b)  -> (artifact id: '47be70c98ec94db343fcb602ab671559') in 0.005412 seconds
  Import took 0.009191 seconds .

========================================================================
Received Import Request.
  Time since last request: 11.004990 seconds.
  path: Assets/_Scripts
  artifactKey: Guid(56f948f39e8d5e440a7ec7163c204264) Importer(815301076,1909f56bfc062723c751e8b465ee728b)
Start importing Assets/_Scripts using Guid(56f948f39e8d5e440a7ec7163c204264) Importer(815301076,1909f56bfc062723c751e8b465ee728b)  -> (artifact id: '03e7f656c38594252bc8f2cb76b16b9e') in 0.005414 seconds
  Import took 0.009244 seconds .

========================================================================
Received Import Request.
  Time since last request: 10.116858 seconds.
  path: Assets/_Scripts/SheepAI.cs
  artifactKey: Guid(f43081135b13bd043bf07c4cc06de033) Importer(815301076,1909f56bfc062723c751e8b465ee728b)
Start importing Assets/_Scripts/SheepAI.cs using Guid(f43081135b13bd043bf07c4cc06de033) Importer(815301076,1909f56bfc062723c751e8b465ee728b)  -> (artifact id: '89696f347181f72027c1ba502eb0684e') in 0.011208 seconds
  Import took 0.014958 seconds .

========================================================================
Received Prepare
Registering precompiled user dll's ...
Registered in 0.002211 seconds.
Begin MonoManager ReloadAssembly
Native extension for WindowsStandalone target not found
Native extension for WebGL target not found
Refreshing native plugins compatible for Editor in 0.53 ms, found 2 plugins.
Preloading 0 native plugins for Editor in 0.00 ms.
Mono: successfully reloaded assembly
- Completed reload, in  0.856 seconds
Platform modules already initialized, skipping
Shader 'Universal Render Pipeline/Particles/Lit': fallback shader 'Universal Render Pipeline/Particles/SimpleLit' not found
Refreshing native plugins compatible for Editor in 0.53 ms, found 2 plugins.
Preloading 0 native plugins for Editor in 0.00 ms.
Unloading 2726 Unused Serialized files (Serialized files now loaded: 0)
System memory in use before: 120.0 MB.
System memory in use after: 120.2 MB.

Unloading 17 unused Assets to reduce memory usage. Loaded Objects now: 3280.
Total: 2.299400 ms (FindLiveObjects: 0.277700 ms CreateObjectMapping: 0.071300 ms MarkObjects: 1.877000 ms  DeleteObjects: 0.072100 ms)

========================================================================
Received Import Request.
  Time since last request: 42.915191 seconds.
  path: Assets/Prefabs
  artifactKey: Guid(0c1b84faa97bb9c4db605c4befbe6ca8) Importer(815301076,1909f56bfc062723c751e8b465ee728b)
Start importing Assets/Prefabs using Guid(0c1b84faa97bb9c4db605c4befbe6ca8) Importer(815301076,1909f56bfc062723c751e8b465ee728b)  -> (artifact id: 'fa574915c2e3911a026db8a4f1b0f9d2') in 0.009113 seconds
  Import took 0.014009 seconds .

========================================================================
Received Import Request.
  Time since last request: 52.838819 seconds.
  path: Assets/Graphics/Materials
  artifactKey: Guid(293f1da0fccf89945be74592877b21c9) Importer(815301076,1909f56bfc062723c751e8b465ee728b)
Start importing Assets/Graphics/Materials using Guid(293f1da0fccf89945be74592877b21c9) Importer(815301076,1909f56bfc062723c751e8b465ee728b)  -> (artifact id: 'd26b41894217a2cd3d5b5810da3cf018') in 0.005200 seconds
  Import took 0.009016 seconds .

========================================================================
Received Import Request.
  Time since last request: 12.377721 seconds.
  path: Assets/Graphics/Materials/Red.mat
  artifactKey: Guid(e394036c6e62d6a45aba5231d4a260ef) Importer(815301076,1909f56bfc062723c751e8b465ee728b)
Start importing Assets/Graphics/Materials/Red.mat using Guid(e394036c6e62d6a45aba5231d4a260ef) Importer(815301076,1909f56bfc062723c751e8b465ee728b)  -> (artifact id: '6be11ce92d510b3614d934591b8bfbff') in 0.160235 seconds
  Import took 0.164258 seconds .

========================================================================
Received Import Request.
  Time since last request: 31.662682 seconds.
  path: Assets/Graphics/Materials/Red.mat
  artifactKey: Guid(e394036c6e62d6a45aba5231d4a260ef) Importer(815301076,1909f56bfc062723c751e8b465ee728b)
Start importing Assets/Graphics/Materials/Red.mat using Guid(e394036c6e62d6a45aba5231d4a260ef) Importer(815301076,1909f56bfc062723c751e8b465ee728b)  -> (artifact id: '337bc9343bb9f6c4149951c78c2aab6b') in 0.011193 seconds
  Import took 0.015265 seconds .

========================================================================
Received Import Request.
  Time since last request: 7.244086 seconds.
  path: Assets/Prefabs/Sheep.prefab
  artifactKey: Guid(2f557fa95b98f384da8b1b82d24bc4f7) Importer(815301076,1909f56bfc062723c751e8b465ee728b)
Start importing Assets/Prefabs/Sheep.prefab using Guid(2f557fa95b98f384da8b1b82d24bc4f7) Importer(815301076,1909f56bfc062723c751e8b465ee728b)  -> (artifact id: '75ccbcd9748aa476048d0d4090753811') in 0.018653 seconds
  Import took 0.022672 seconds .

========================================================================
Received Import Request.
  Time since last request: 0.008899 seconds.
  path: Assets/Prefabs/Sheep.prefab
  artifactKey: Guid(2f557fa95b98f384da8b1b82d24bc4f7) Importer(815301076,1909f56bfc062723c751e8b465ee728b)
Start importing Assets/Prefabs/Sheep.prefab using Guid(2f557fa95b98f384da8b1b82d24bc4f7) Importer(815301076,1909f56bfc062723c751e8b465ee728b)  -> (artifact id: '75ccbcd9748aa476048d0d4090753811') in 0.005699 seconds
  Import took 0.009440 seconds .

========================================================================
Received Prepare
Registering precompiled user dll's ...
Registered in 0.002165 seconds.
Begin MonoManager ReloadAssembly
Native extension for WindowsStandalone target not found
Native extension for WebGL target not found
Refreshing native plugins compatible for Editor in 0.51 ms, found 2 plugins.
Preloading 0 native plugins for Editor in 0.00 ms.
Mono: successfully reloaded assembly
- Completed reload, in  0.863 seconds
Platform modules already initialized, skipping
Shader 'Universal Render Pipeline/Particles/Lit': fallback shader 'Universal Render Pipeline/Particles/SimpleLit' not found
Refreshing native plugins compatible for Editor in 0.49 ms, found 2 plugins.
Preloading 0 native plugins for Editor in 0.00 ms.
Unloading 2726 Unused Serialized files (Serialized files now loaded: 0)
System memory in use before: 125.5 MB.
System memory in use after: 125.7 MB.

Unloading 16 unused Assets to reduce memory usage. Loaded Objects now: 3362.
Total: 2.309100 ms (FindLiveObjects: 0.254500 ms CreateObjectMapping: 0.073500 ms MarkObjects: 1.900100 ms  DeleteObjects: 0.080200 ms)

========================================================================
Received Prepare
Registering precompiled user dll's ...
Registered in 0.002187 seconds.
Begin MonoManager ReloadAssembly
Native extension for WindowsStandalone target not found
Native extension for WebGL target not found
Refreshing native plugins compatible for Editor in 0.52 ms, found 2 plugins.
Preloading 0 native plugins for Editor in 0.00 ms.
Mono: successfully reloaded assembly
- Completed reload, in  0.847 seconds
Platform modules already initialized, skipping
Shader 'Universal Render Pipeline/Particles/Lit': fallback shader 'Universal Render Pipeline/Particles/SimpleLit' not found
Refreshing native plugins compatible for Editor in 0.51 ms, found 2 plugins.
Preloading 0 native plugins for Editor in 0.00 ms.
Unloading 2726 Unused Serialized files (Serialized files now loaded: 0)
System memory in use before: 125.5 MB.
System memory in use after: 125.7 MB.

Unloading 16 unused Assets to reduce memory usage. Loaded Objects now: 3365.
Total: 2.348300 ms (FindLiveObjects: 0.268400 ms CreateObjectMapping: 0.073100 ms MarkObjects: 1.933300 ms  DeleteObjects: 0.072400 ms)

========================================================================
Received Import Request.
  Time since last request: 421.797355 seconds.
  path: Assets/_Scripts/WayPoint.cs
  artifactKey: Guid(ff260236ae2f2ea438dea412c42fab95) Importer(815301076,1909f56bfc062723c751e8b465ee728b)
Start importing Assets/_Scripts/WayPoint.cs using Guid(ff260236ae2f2ea438dea412c42fab95) Importer(815301076,1909f56bfc062723c751e8b465ee728b)  -> (artifact id: '88695b384bbb2bea486aa110f84ea003') in 0.008516 seconds
  Import took 0.012801 seconds .

========================================================================
Received Import Request.
  Time since last request: 0.003200 seconds.
  path: Assets/_Scripts/WayPoint.cs
  artifactKey: Guid(ff260236ae2f2ea438dea412c42fab95) Importer(815301076,1909f56bfc062723c751e8b465ee728b)
Start importing Assets/_Scripts/WayPoint.cs using Guid(ff260236ae2f2ea438dea412c42fab95) Importer(815301076,1909f56bfc062723c751e8b465ee728b)  -> (artifact id: '88695b384bbb2bea486aa110f84ea003') in 0.001558 seconds
  Import took 0.005583 seconds .

========================================================================
Received Prepare
Registering precompiled user dll's ...
Registered in 0.002165 seconds.
Begin MonoManager ReloadAssembly
Native extension for WindowsStandalone target not found
Native extension for WebGL target not found
Refreshing native plugins compatible for Editor in 0.52 ms, found 2 plugins.
Preloading 0 native plugins for Editor in 0.00 ms.
Mono: successfully reloaded assembly
- Completed reload, in  0.880 seconds
Platform modules already initialized, skipping
Shader 'Universal Render Pipeline/Particles/Lit': fallback shader 'Universal Render Pipeline/Particles/SimpleLit' not found
Refreshing native plugins compatible for Editor in 0.55 ms, found 2 plugins.
Preloading 0 native plugins for Editor in 0.00 ms.
Unloading 2727 Unused Serialized files (Serialized files now loaded: 0)
System memory in use before: 125.6 MB.
System memory in use after: 125.8 MB.

Unloading 16 unused Assets to reduce memory usage. Loaded Objects now: 3369.
Total: 2.511100 ms (FindLiveObjects: 0.363100 ms CreateObjectMapping: 0.075800 ms MarkObjects: 1.997700 ms  DeleteObjects: 0.073200 ms)

========================================================================
Received Prepare
Registering precompiled user dll's ...
Registered in 0.002211 seconds.
Begin MonoManager ReloadAssembly
Native extension for WindowsStandalone target not found
Native extension for WebGL target not found
Refreshing native plugins compatible for Editor in 0.50 ms, found 2 plugins.
Preloading 0 native plugins for Editor in 0.00 ms.
Mono: successfully reloaded assembly
- Completed reload, in  0.852 seconds
Platform modules already initialized, skipping
Shader 'Universal Render Pipeline/Particles/Lit': fallback shader 'Universal Render Pipeline/Particles/SimpleLit' not found
Refreshing native plugins compatible for Editor in 0.50 ms, found 2 plugins.
Preloading 0 native plugins for Editor in 0.00 ms.
Unloading 2727 Unused Serialized files (Serialized files now loaded: 0)
System memory in use before: 125.6 MB.
System memory in use after: 125.8 MB.

Unloading 16 unused Assets to reduce memory usage. Loaded Objects now: 3372.
Total: 2.528300 ms (FindLiveObjects: 0.250600 ms CreateObjectMapping: 0.072200 ms MarkObjects: 2.133800 ms  DeleteObjects: 0.070600 ms)

========================================================================
Received Import Request.
  Time since last request: 49.429628 seconds.
  path: Assets/_Scripts/WayPoint.cs
  artifactKey: Guid(ff260236ae2f2ea438dea412c42fab95) Importer(815301076,1909f56bfc062723c751e8b465ee728b)
Start importing Assets/_Scripts/WayPoint.cs using Guid(ff260236ae2f2ea438dea412c42fab95) Importer(815301076,1909f56bfc062723c751e8b465ee728b)  -> (artifact id: '0241ebf4ee05996e87896cd130eed4f7') in 0.004531 seconds
  Import took 0.008345 seconds .

========================================================================
Received Prepare
Registering precompiled user dll's ...
Registered in 0.002302 seconds.
Begin MonoManager ReloadAssembly
Native extension for WindowsStandalone target not found
Native extension for WebGL target not found
Refreshing native plugins compatible for Editor in 0.52 ms, found 2 plugins.
Preloading 0 native plugins for Editor in 0.00 ms.
Mono: successfully reloaded assembly
- Completed reload, in  0.856 seconds
Platform modules already initialized, skipping
Shader 'Universal Render Pipeline/Particles/Lit': fallback shader 'Universal Render Pipeline/Particles/SimpleLit' not found
Refreshing native plugins compatible for Editor in 0.50 ms, found 2 plugins.
Preloading 0 native plugins for Editor in 0.00 ms.
Unloading 2727 Unused Serialized files (Serialized files now loaded: 0)
System memory in use before: 125.6 MB.
System memory in use after: 125.8 MB.

Unloading 16 unused Assets to reduce memory usage. Loaded Objects now: 3375.
Total: 2.533400 ms (FindLiveObjects: 0.314200 ms CreateObjectMapping: 0.077300 ms MarkObjects: 2.063200 ms  DeleteObjects: 0.077400 ms)

========================================================================
Received Prepare
Registering precompiled user dll's ...
Registered in 0.002207 seconds.
Begin MonoManager ReloadAssembly
Native extension for WindowsStandalone target not found
Native extension for WebGL target not found
Refreshing native plugins compatible for Editor in 0.51 ms, found 2 plugins.
Preloading 0 native plugins for Editor in 0.00 ms.
Mono: successfully reloaded assembly
- Completed reload, in  0.849 seconds
Platform modules already initialized, skipping
Shader 'Universal Render Pipeline/Particles/Lit': fallback shader 'Universal Render Pipeline/Particles/SimpleLit' not found
Refreshing native plugins compatible for Editor in 0.51 ms, found 2 plugins.
Preloading 0 native plugins for Editor in 0.00 ms.
Unloading 2727 Unused Serialized files (Serialized files now loaded: 0)
System memory in use before: 125.6 MB.
System memory in use after: 125.8 MB.

Unloading 16 unused Assets to reduce memory usage. Loaded Objects now: 3378.
Total: 2.427000 ms (FindLiveObjects: 0.286300 ms CreateObjectMapping: 0.074200 ms MarkObjects: 1.993700 ms  DeleteObjects: 0.071800 ms)

========================================================================
Received Prepare
Registering precompiled user dll's ...
Registered in 0.002186 seconds.
Begin MonoManager ReloadAssembly
Native extension for WindowsStandalone target not found
Native extension for WebGL target not found
Refreshing native plugins compatible for Editor in 0.51 ms, found 2 plugins.
Preloading 0 native plugins for Editor in 0.00 ms.
Mono: successfully reloaded assembly
- Completed reload, in  0.853 seconds
Platform modules already initialized, skipping
Shader 'Universal Render Pipeline/Particles/Lit': fallback shader 'Universal Render Pipeline/Particles/SimpleLit' not found
Refreshing native plugins compatible for Editor in 0.53 ms, found 2 plugins.
Preloading 0 native plugins for Editor in 0.00 ms.
Unloading 2727 Unused Serialized files (Serialized files now loaded: 0)
System memory in use before: 125.6 MB.
System memory in use after: 125.8 MB.

Unloading 16 unused Assets to reduce memory usage. Loaded Objects now: 3381.
Total: 2.387100 ms (FindLiveObjects: 0.259200 ms CreateObjectMapping: 0.075300 ms MarkObjects: 1.978700 ms  DeleteObjects: 0.073100 ms)

========================================================================
Received Import Request.
  Time since last request: 56.486048 seconds.
  path: Assets/Scenes/SampleScene.unity
  artifactKey: Guid(9fc0d4010bbf28b4594072e72b8655ab) Importer(815301076,1909f56bfc062723c751e8b465ee728b)
Start importing Assets/Scenes/SampleScene.unity using Guid(9fc0d4010bbf28b4594072e72b8655ab) Importer(815301076,1909f56bfc062723c751e8b465ee728b)  -> (artifact id: '34f4fdb2d14db09ca6ab8f92b5a8b2f3') in 0.033758 seconds
  Import took 0.037697 seconds .

AssetImportWorkerClient::OnTransportError - code=2 error=End of file
